<?xml version="1.0" encoding="UTF-8"?>
<!-- Generated by org.testng.reporters.JUnitReportReporter -->
<testsuite hostname="USBLRMKALAMSHA7" failures="0" tests="2" name="MAINEtest.test_LoginScreen" time="2.633" errors="1" timestamp="2021-12-01T11:45:03 IST" skipped="1">
  <testcase classname="MAINEtest.test_LoginScreen" name="validateloginPage" time="0.000">
    <skipped/>
  </testcase> <!-- validateloginPage -->
  <system-out/>
  <testcase classname="MAINEtest.test_LoginScreen" name="initialize" time="2.633">
    <error message="session not created: This version of ChromeDriver only supports Chrome version 94
Current browser version is 96.0.4664.45 with binary path C:\Program Files (x86)\Google\Chrome\Application\chrome.exe
Build info: version: &#039;3.141.59&#039;, revision: &#039;e82be7d358&#039;, time: &#039;2018-11-14T08:17:03&#039;
System info: host: &#039;USBLRMKALAMSHA7&#039;, ip: &#039;192.168.0.133&#039;, os.name: &#039;Windows 10&#039;, os.arch: &#039;amd64&#039;, os.version: &#039;10.0&#039;, java.version: &#039;15.0.1&#039;
Driver info: driver.version: ChromeDriver
remote stacktrace: Backtrace:
	Ordinal0 [0x00D1B9D3+2472403]
	Ordinal0 [0x00CB6961+2058593]
	Ordinal0 [0x00BC22B8+1057464]
	Ordinal0 [0x00BE03FA+1180666]
	Ordinal0 [0x00BDC2E5+1164005]
	Ordinal0 [0x00BD9B7F+1153919]
	Ordinal0 [0x00C0997F+1350015]
	Ordinal0 [0x00C095EA+1349098]
	Ordinal0 [0x00C0545B+1332315]
	Ordinal0 [0x00BE1FB4+1187764]
	Ordinal0 [0x00BE2E09+1191433]
	GetHandleVerifier [0x00EA3396+1551078]
	GetHandleVerifier [0x00F4D53A+2247818]
	GetHandleVerifier [0x00DA7FBB+521995]
	GetHandleVerifier [0x00DA7079+518089]
	Ordinal0 [0x00CBBD4D+2080077]
	Ordinal0 [0x00CBFC18+2096152]
	Ordinal0 [0x00CBFD52+2096466]
	Ordinal0 [0x00CC94B1+2135217]
	BaseThreadInitThunk [0x77806359+25]
	RtlGetAppContainerNamedObjectPath [0x779487A4+228]
	RtlGetAppContainerNamedObjectPath [0x77948774+180]
" type="org.openqa.selenium.SessionNotCreatedException">
      <![CDATA[org.openqa.selenium.SessionNotCreatedException: session not created: This version of ChromeDriver only supports Chrome version 94
Current browser version is 96.0.4664.45 with binary path C:\Program Files (x86)\Google\Chrome\Application\chrome.exe
Build info: version: '3.141.59', revision: 'e82be7d358', time: '2018-11-14T08:17:03'
System info: host: 'USBLRMKALAMSHA7', ip: '192.168.0.133', os.name: 'Windows 10', os.arch: 'amd64', os.version: '10.0', java.version: '15.0.1'
Driver info: driver.version: ChromeDriver
remote stacktrace: Backtrace:
Ordinal0 [0x00D1B9D3+2472403]
Ordinal0 [0x00CB6961+2058593]
Ordinal0 [0x00BC22B8+1057464]
Ordinal0 [0x00BE03FA+1180666]
Ordinal0 [0x00BDC2E5+1164005]
Ordinal0 [0x00BD9B7F+1153919]
Ordinal0 [0x00C0997F+1350015]
Ordinal0 [0x00C095EA+1349098]
Ordinal0 [0x00C0545B+1332315]
Ordinal0 [0x00BE1FB4+1187764]
Ordinal0 [0x00BE2E09+1191433]
GetHandleVerifier [0x00EA3396+1551078]
GetHandleVerifier [0x00F4D53A+2247818]
GetHandleVerifier [0x00DA7FBB+521995]
GetHandleVerifier [0x00DA7079+518089]
Ordinal0 [0x00CBBD4D+2080077]
Ordinal0 [0x00CBFC18+2096152]
Ordinal0 [0x00CBFD52+2096466]
Ordinal0 [0x00CC94B1+2135217]
BaseThreadInitThunk [0x77806359+25]
RtlGetAppContainerNamedObjectPath [0x779487A4+228]
RtlGetAppContainerNamedObjectPath [0x77948774+180]

at java.base/jdk.internal.reflect.NativeConstructorAccessorImpl.newInstance0(Native Method)
at java.base/jdk.internal.reflect.NativeConstructorAccessorImpl.newInstance(NativeConstructorAccessorImpl.java:64)
at java.base/jdk.internal.reflect.DelegatingConstructorAccessorImpl.newInstance(DelegatingConstructorAccessorImpl.java:45)
at java.base/java.lang.reflect.Constructor.newInstanceWithCaller(Constructor.java:500)
at java.base/java.lang.reflect.Constructor.newInstance(Constructor.java:481)
at org.openqa.selenium.remote.W3CHandshakeResponse.lambda$errorHandler$0(W3CHandshakeResponse.java:62)
at org.openqa.selenium.remote.HandshakeResponse.lambda$getResponseFunction$0(HandshakeResponse.java:30)
at org.openqa.selenium.remote.ProtocolHandshake.lambda$createSession$0(ProtocolHandshake.java:126)
at java.base/java.util.stream.ReferencePipeline$3$1.accept(ReferencePipeline.java:195)
at java.base/java.util.Spliterators$ArraySpliterator.tryAdvance(Spliterators.java:958)
at java.base/java.util.stream.ReferencePipeline.forEachWithCancel(ReferencePipeline.java:127)
at java.base/java.util.stream.AbstractPipeline.copyIntoWithCancel(AbstractPipeline.java:502)
at java.base/java.util.stream.AbstractPipeline.copyInto(AbstractPipeline.java:488)
at java.base/java.util.stream.AbstractPipeline.wrapAndCopyInto(AbstractPipeline.java:474)
at java.base/java.util.stream.FindOps$FindOp.evaluateSequential(FindOps.java:150)
at java.base/java.util.stream.AbstractPipeline.evaluate(AbstractPipeline.java:234)
at java.base/java.util.stream.ReferencePipeline.findFirst(ReferencePipeline.java:543)
at org.openqa.selenium.remote.ProtocolHandshake.createSession(ProtocolHandshake.java:128)
at org.openqa.selenium.remote.ProtocolHandshake.createSession(ProtocolHandshake.java:74)
at org.openqa.selenium.remote.HttpCommandExecutor.execute(HttpCommandExecutor.java:136)
at org.openqa.selenium.remote.service.DriverCommandExecutor.execute(DriverCommandExecutor.java:83)
at org.openqa.selenium.remote.RemoteWebDriver.execute(RemoteWebDriver.java:552)
at org.openqa.selenium.remote.RemoteWebDriver.startSession(RemoteWebDriver.java:213)
at org.openqa.selenium.remote.RemoteWebDriver.<init>(RemoteWebDriver.java:131)
at org.openqa.selenium.chrome.ChromeDriver.<init>(ChromeDriver.java:181)
at org.openqa.selenium.chrome.ChromeDriver.<init>(ChromeDriver.java:168)
at org.openqa.selenium.chrome.ChromeDriver.<init>(ChromeDriver.java:123)
at resources.base.initializeDriver(base.java:65)
at MAINEtest.test_LoginScreen.initialize(test_LoginScreen.java:30)
at java.base/jdk.internal.reflect.NativeMethodAccessorImpl.invoke0(Native Method)
at java.base/jdk.internal.reflect.NativeMethodAccessorImpl.invoke(NativeMethodAccessorImpl.java:64)
at java.base/jdk.internal.reflect.DelegatingMethodAccessorImpl.invoke(DelegatingMethodAccessorImpl.java:43)
at java.base/java.lang.reflect.Method.invoke(Method.java:564)
at org.testng.internal.MethodInvocationHelper.invokeMethod(MethodInvocationHelper.java:132)
at org.testng.internal.MethodInvocationHelper.invokeMethodConsideringTimeout(MethodInvocationHelper.java:61)
at org.testng.internal.ConfigInvoker.invokeConfigurationMethod(ConfigInvoker.java:366)
at org.testng.internal.ConfigInvoker.invokeConfigurations(ConfigInvoker.java:320)
at org.testng.TestRunner.invokeTestConfigurations(TestRunner.java:617)
at org.testng.TestRunner.beforeRun(TestRunner.java:607)
at org.testng.TestRunner.run(TestRunner.java:578)
at org.testng.SuiteRunner.runTest(SuiteRunner.java:384)
at org.testng.SuiteRunner.runSequentially(SuiteRunner.java:378)
at org.testng.SuiteRunner.privateRun(SuiteRunner.java:337)
at org.testng.SuiteRunner.run(SuiteRunner.java:286)
at org.testng.SuiteRunnerWorker.runSuite(SuiteRunnerWorker.java:53)
at org.testng.SuiteRunnerWorker.run(SuiteRunnerWorker.java:96)
at org.testng.TestNG.runSuitesSequentially(TestNG.java:1218)
at org.testng.TestNG.runSuitesLocally(TestNG.java:1140)
at org.testng.TestNG.runSuites(TestNG.java:1069)
at org.testng.TestNG.run(TestNG.java:1037)
at org.testng.remote.AbstractRemoteTestNG.run(AbstractRemoteTestNG.java:115)
at org.testng.remote.RemoteTestNG.initAndRun(RemoteTestNG.java:251)
at org.testng.remote.RemoteTestNG.main(RemoteTestNG.java:77)
]]>
    </error>
  </testcase> <!-- initialize -->
  <system-out/>
</testsuite> <!-- MAINEtest.test_LoginScreen -->
