<?xml version="1.0" encoding="UTF-8"?>
<!-- Generated by org.testng.reporters.JUnitXMLReporter -->
<testsuite hostname="USBLRHERATHI1" ignored="11" name="SNAP Suite" tests="24" failures="1" timestamp="2021-09-21T13:31:01 IST" time="920.985" errors="0">
  <testcase name="validateLoginPage" time="34.779" classname="MAINEtest.test_LoginScreen"/>
  <testcase name="validateWelcomeScreen" time="10.093" classname="MAINEtest.test_Dashboard"/>
  <testcase name="validateGetBenefit" time="13.949" classname="MAINEtest.test_GetBenefitScreen"/>
  <testcase name="validatePriAppDetail" time="11.85" classname="MAINEtest.test_PrimaryAppDetailScreen"/>
  <testcase name="snapProgramSelection" time="9.666" classname="MAINEtest.test_ProgSelectionScreen"/>
  <testcase name="clickStartHM" time="16.172" classname="MAINEtest.test_AddingHHMembers"/>
  <testcase name="validateAddingHHmembers" time="82.802" classname="MAINEtest.test_AddingHHMembers"/>
  <testcase name="validateAddingHHmembers" time="83.447" classname="MAINEtest.test_AddingHHMembers"/>
  <testcase name="validateAddingHHmembers" time="82.34" classname="MAINEtest.test_AddingHHMembers"/>
  <testcase name="clickNextOnHMS" time="11.605" classname="MAINEtest.test_AddingHHMembers"/>
  <testcase name="validateContactSelection" time="45.561" classname="MAINEtest.test_ContactScreen"/>
  <testcase name="validateAuthRepcreation" time="15.38" classname="MAINEtest.test_AuthRepScreen"/>
  <testcase name="relationandTaxfilingentries" time="64.884" classname="MAINEtest.test_RelationshipandTaxfillingScreens"/>
  <testcase name="validateHHinfoHealthSelection" time="51.618" classname="MAINEtest.test_HHInfo_HealthScreen"/>
  <testcase name="validateHHinfoHHCircumSelection" time="29.394" classname="MAINEtest.test_HHInfo_HHCircumScreen"/>
  <testcase name="validateHHinfoHHAssetSelection" time="12.348" classname="MAINEtest.test_HHInfo_AssetScreen"/>
  <testcase name="validateHHinfoIncomeandSubsidies" time="19.043" classname="MAINEtest.test_HHInfo_IncomeandSubScreen"/>
  <testcase name="validateHHinfoExpense" time="40.629" classname="MAINEtest.test_HHInfo_ExpenseScreen"/>
  <testcase name="validateEducation" time="50.373" classname="MAINEtest.test_MemDetailsScreen"/>
  <testcase name="validateAIANforSNAP" time="11.19" classname="MAINEtest.test_MemDetailsScreen"/>
  <testcase name="validateLA" time="18.26" classname="MAINEtest.test_MemDetailsScreen"/>
  <testcase name="validateAssetIncomeExpensesforSNAP" time="79.719" classname="MAINEtest.test_MemDetailsScreen"/>
  <testcase name="addDependentDetails" time="80.516" classname="MAINEtest.test_MemDetailsScreen"/>
  <testcase name="validateSignSubmit" time="30.585" classname="MAINEtest.test_SignSubmitScreen">
    <failure type="org.openqa.selenium.ElementClickInterceptedException" message="element click intercepted: Element &amp;lt;button title=&amp;quot;Submit Application&amp;quot; type=&amp;quot;button&amp;quot; class=&amp;quot;slds-button slds-button_neutral&amp;quot;&amp;gt;...&amp;lt;/button&amp;gt; is not clickable at point (866, 535). Other element would receive the click: &amp;lt;c-ssp-nav-flow-container-elements&amp;gt;&amp;lt;/c-ssp-nav-flow-container-elements&amp;gt;
  (Session info: chrome=93.0.4577.63)
Build info: version: &amp;apos;3.141.59&amp;apos;, revision: &amp;apos;e82be7d358&amp;apos;, time: &amp;apos;2018-11-14T08:17:03&amp;apos;
System info: host: &amp;apos;USBLRHERATHI1&amp;apos;, ip: &amp;apos;192.168.1.11&amp;apos;, os.name: &amp;apos;Windows 10&amp;apos;, os.arch: &amp;apos;amd64&amp;apos;, os.version: &amp;apos;10.0&amp;apos;, java.version: &amp;apos;1.8.0_281&amp;apos;
Driver info: org.openqa.selenium.chrome.ChromeDriver
Capabilities {acceptInsecureCerts: false, browserName: chrome, browserVersion: 93.0.4577.63, chrome: {chromedriverVersion: 92.0.4515.43 (8c61b7e2989f2..., userDataDir: C:\Users\herathi\AppData\Lo...}, goog:chromeOptions: {debuggerAddress: localhost:63961}, javascriptEnabled: true, networkConnectionEnabled: false, pageLoadStrategy: normal, platform: WINDOWS, platformName: WINDOWS, proxy: Proxy(), setWindowRect: true, strictFileInteractability: false, timeouts: {implicit: 0, pageLoad: 300000, script: 30000}, unhandledPromptBehavior: dismiss and notify, webauthn:extension:credBlob: true, webauthn:extension:largeBlob: true, webauthn:virtualAuthenticators: true}
Session ID: 22f5a44b4ceae7f950ddec581000ada9">
      <![CDATA[org.openqa.selenium.ElementClickInterceptedException: element click intercepted: Element <button title="Submit Application" type="button" class="slds-button slds-button_neutral">...</button> is not clickable at point (866, 535). Other element would receive the click: <c-ssp-nav-flow-container-elements></c-ssp-nav-flow-container-elements>
  (Session info: chrome=93.0.4577.63)
Build info: version: '3.141.59', revision: 'e82be7d358', time: '2018-11-14T08:17:03'
System info: host: 'USBLRHERATHI1', ip: '192.168.1.11', os.name: 'Windows 10', os.arch: 'amd64', os.version: '10.0', java.version: '1.8.0_281'
Driver info: org.openqa.selenium.chrome.ChromeDriver
Capabilities {acceptInsecureCerts: false, browserName: chrome, browserVersion: 93.0.4577.63, chrome: {chromedriverVersion: 92.0.4515.43 (8c61b7e2989f2..., userDataDir: C:\Users\herathi\AppData\Lo...}, goog:chromeOptions: {debuggerAddress: localhost:63961}, javascriptEnabled: true, networkConnectionEnabled: false, pageLoadStrategy: normal, platform: WINDOWS, platformName: WINDOWS, proxy: Proxy(), setWindowRect: true, strictFileInteractability: false, timeouts: {implicit: 0, pageLoad: 300000, script: 30000}, unhandledPromptBehavior: dismiss and notify, webauthn:extension:credBlob: true, webauthn:extension:largeBlob: true, webauthn:virtualAuthenticators: true}
Session ID: 22f5a44b4ceae7f950ddec581000ada9
at org.openqa.selenium.remote.http.W3CHttpResponseCodec.createException(W3CHttpResponseCodec.java:187)
at org.openqa.selenium.remote.http.W3CHttpResponseCodec.decode(W3CHttpResponseCodec.java:122)
at org.openqa.selenium.remote.http.W3CHttpResponseCodec.decode(W3CHttpResponseCodec.java:49)
at org.openqa.selenium.remote.HttpCommandExecutor.execute(HttpCommandExecutor.java:158)
at org.openqa.selenium.remote.service.DriverCommandExecutor.execute(DriverCommandExecutor.java:83)
at org.openqa.selenium.remote.RemoteWebDriver.execute(RemoteWebDriver.java:552)
at org.openqa.selenium.remote.RemoteWebElement.execute(RemoteWebElement.java:285)
at org.openqa.selenium.remote.RemoteWebElement.click(RemoteWebElement.java:84)
at pageObjects.SignSubmitPO.Click_SBA(SignSubmitPO.java:119)
at MAINEtest.test_SignSubmitScreen.validateSignSubmit(test_SignSubmitScreen.java:76)
at java.util.ArrayList.forEach(ArrayList.java:1259)
... Removed 31 stack frames]]>
    </failure>
  </testcase> <!-- validateSignSubmit -->
  <testcase name="validateHHinfoHHCircumSelectionTanf" time="0.0" classname="MAINEtest.test_HHInfo_HHCircumScreen">
    <ignored/>
  </testcase> <!-- validateHHinfoHHCircumSelectionTanf -->
  <testcase name="validateSignSubmitPage" time="0.0" classname="MAINEtest.test_SignSubmitScreen">
    <ignored/>
  </testcase> <!-- validateSignSubmitPage -->
  <testcase name="validateRelationandTaxfilingentries" time="0.0" classname="MAINEtest.test_RelationshipandTaxfillingScreens">
    <ignored/>
  </testcase> <!-- validateRelationandTaxfilingentries -->
  <testcase name="validateHHinfoExpenseTanf" time="0.0" classname="MAINEtest.test_MemDetailsScreen">
    <ignored/>
  </testcase> <!-- validateHHinfoExpenseTanf -->
  <testcase name="validateAssetIncomeExpenses" time="0.0" classname="MAINEtest.test_MemDetailsScreen">
    <ignored/>
  </testcase> <!-- validateAssetIncomeExpenses -->
  <testcase name="validateAIAN" time="0.0" classname="MAINEtest.test_MemDetailsScreen">
    <ignored/>
  </testcase> <!-- validateAIAN -->
  <testcase name="tanfProgramSelection" time="0.0" classname="MAINEtest.test_ProgSelectionScreen">
    <ignored/>
  </testcase> <!-- tanfProgramSelection -->
  <testcase name="validateRelationandTaxfilingentriesTanf" time="0.0" classname="MAINEtest.test_RelationshipandTaxfillingScreens">
    <ignored/>
  </testcase> <!-- validateRelationandTaxfilingentriesTanf -->
  <testcase name="loginPage" time="0.0" classname="MAINEtest.test_LoginScreen">
    <ignored/>
  </testcase> <!-- loginPage -->
  <testcase name="validateProgSelec" time="0.0" classname="MAINEtest.test_ProgSelectionScreen">
    <ignored/>
  </testcase> <!-- validateProgSelec -->
  <testcase name="validateHHinfoExpenseTanf" time="0.0" classname="MAINEtest.test_HHInfo_ExpenseScreen">
    <ignored/>
  </testcase> <!-- validateHHinfoExpenseTanf -->
</testsuite> <!-- SNAP Suite -->
