<html>
<head>
<title>TestNG:  SNAP Suite</title>
<link href="../testng.css" rel="stylesheet" type="text/css" />
<link href="../my-testng.css" rel="stylesheet" type="text/css" />

<style type="text/css">
.log { display: none;} 
.stack-trace { display: none;} 
</style>
<script type="text/javascript">
<!--
function flip(e) {
  current = e.style.display;
  if (current == 'block') {
    e.style.display = 'none';
    return 0;
  }
  else {
    e.style.display = 'block';
    return 1;
  }
}

function toggleBox(szDivId, elem, msg1, msg2)
{
  var res = -1;  if (document.getElementById) {
    res = flip(document.getElementById(szDivId));
  }
  else if (document.all) {
    // this is the way old msie versions work
    res = flip(document.all[szDivId]);
  }
  if(elem) {
    if(res == 0) elem.innerHTML = msg1; else elem.innerHTML = msg2;
  }

}

function toggleAllBoxes() {
  if (document.getElementsByTagName) {
    d = document.getElementsByTagName('div');
    for (i = 0; i < d.length; i++) {
      if (d[i].className == 'log') {
        flip(d[i]);
      }
    }
  }
}

// -->
</script>

</head>
<body>
<h2 align='center'>SNAP Suite</h2><table border='1' align="center">
<tr>
<td>Tests passed/Failed/Skipped:</td><td>23/1/0</td>
</tr><tr>
<td>Started on:</td><td>Tue Sep 21 13:15:40 IST 2021</td>
</tr>
<tr><td>Total time:</td><td>920 seconds (920985 ms)</td>
</tr><tr>
<td>Included groups:</td><td>SNAP </td>
</tr><tr>
<td>Excluded groups:</td><td></td>
</tr>
</table><p/>
<small><i>(Hover the method name to see the test class name)</i></small><p/>
<table width='100%' border='1' class='invocation-failed'>
<tr><td colspan='4' align='center'><b>FAILED TESTS</b></td></tr>
<tr><td><b>Test method</b></td>
<td width="30%"><b>Exception</b></td>
<td width="10%"><b>Time (seconds)</b></td>
<td><b>Instance</b></td>
</tr>
<tr>
<td title='MAINEtest.test_SignSubmitScreen.validateSignSubmit()'><b>validateSignSubmit</b><br>Test class: MAINEtest.test_SignSubmitScreen</td>
<td><div><pre>org.openqa.selenium.ElementClickInterceptedException: element click intercepted: Element &lt;button title=&quot;Submit Application&quot; type=&quot;button&quot; class=&quot;slds-button slds-button_neutral&quot;&gt;...&lt;/button&gt; is not clickable at point (866, 535). Other element would receive the click: &lt;c-ssp-nav-flow-container-elements&gt;&lt;/c-ssp-nav-flow-container-elements&gt;
  (Session info: chrome=93.0.4577.63)
Build info: version: &apos;3.141.59&apos;, revision: &apos;e82be7d358&apos;, time: &apos;2018-11-14T08:17:03&apos;
System info: host: &apos;USBLRHERATHI1&apos;, ip: &apos;192.168.1.11&apos;, os.name: &apos;Windows 10&apos;, os.arch: &apos;amd64&apos;, os.version: &apos;10.0&apos;, java.version: &apos;1.8.0_281&apos;
Driver info: org.openqa.selenium.chrome.ChromeDriver
Capabilities {acceptInsecureCerts: false, browserName: chrome, browserVersion: 93.0.4577.63, chrome: {chromedriverVersion: 92.0.4515.43 (8c61b7e2989f2..., userDataDir: C:\Users\herathi\AppData\Lo...}, goog:chromeOptions: {debuggerAddress: localhost:63961}, javascriptEnabled: true, networkConnectionEnabled: false, pageLoadStrategy: normal, platform: WINDOWS, platformName: WINDOWS, proxy: Proxy(), setWindowRect: true, strictFileInteractability: false, timeouts: {implicit: 0, pageLoad: 300000, script: 30000}, unhandledPromptBehavior: dismiss and notify, webauthn:extension:credBlob: true, webauthn:extension:largeBlob: true, webauthn:virtualAuthenticators: true}
Session ID: 22f5a44b4ceae7f950ddec581000ada9
	at org.openqa.selenium.remote.http.W3CHttpResponseCodec.createException(W3CHttpResponseCodec.java:187)
	at org.openqa.selenium.remote.http.W3CHttpResponseCodec.decode(W3CHttpResponseCodec.java:122)
	at org.openqa.selenium.remote.http.W3CHttpResponseCodec.decode(W3CHttpResponseCodec.java:49)
	at org.openqa.selenium.remote.HttpCommandExecutor.execute(HttpCommandExecutor.java:158)
	at org.openqa.selenium.remote.service.DriverCommandExecutor.execute(DriverCommandExecutor.java:83)
	at org.openqa.selenium.remote.RemoteWebDriver.execute(RemoteWebDriver.java:552)
	at org.openqa.selenium.remote.RemoteWebElement.execute(RemoteWebElement.java:285)
	at org.openqa.selenium.remote.RemoteWebElement.click(RemoteWebElement.java:84)
	at pageObjects.SignSubmitPO.Click_SBA(SignSubmitPO.java:119)
	at MAINEtest.test_SignSubmitScreen.validateSignSubmit(test_SignSubmitScreen.java:76)
	at java.util.ArrayList.forEach(ArrayList.java:1259)
... Removed 31 stack frames</pre></div><a href='#' onClick='toggleBox("stack-trace1658745835", this, "Click to show all stack frames", "Click to hide stack frames")'>Click to show all stack frames</a>
<div class='stack-trace' id='stack-trace1658745835'><pre>org.openqa.selenium.ElementClickInterceptedException: element click intercepted: Element &lt;button title=&quot;Submit Application&quot; type=&quot;button&quot; class=&quot;slds-button slds-button_neutral&quot;&gt;...&lt;/button&gt; is not clickable at point (866, 535). Other element would receive the click: &lt;c-ssp-nav-flow-container-elements&gt;&lt;/c-ssp-nav-flow-container-elements&gt;
  (Session info: chrome=93.0.4577.63)
Build info: version: &apos;3.141.59&apos;, revision: &apos;e82be7d358&apos;, time: &apos;2018-11-14T08:17:03&apos;
System info: host: &apos;USBLRHERATHI1&apos;, ip: &apos;192.168.1.11&apos;, os.name: &apos;Windows 10&apos;, os.arch: &apos;amd64&apos;, os.version: &apos;10.0&apos;, java.version: &apos;1.8.0_281&apos;
Driver info: org.openqa.selenium.chrome.ChromeDriver
Capabilities {acceptInsecureCerts: false, browserName: chrome, browserVersion: 93.0.4577.63, chrome: {chromedriverVersion: 92.0.4515.43 (8c61b7e2989f2..., userDataDir: C:\Users\herathi\AppData\Lo...}, goog:chromeOptions: {debuggerAddress: localhost:63961}, javascriptEnabled: true, networkConnectionEnabled: false, pageLoadStrategy: normal, platform: WINDOWS, platformName: WINDOWS, proxy: Proxy(), setWindowRect: true, strictFileInteractability: false, timeouts: {implicit: 0, pageLoad: 300000, script: 30000}, unhandledPromptBehavior: dismiss and notify, webauthn:extension:credBlob: true, webauthn:extension:largeBlob: true, webauthn:virtualAuthenticators: true}
Session ID: 22f5a44b4ceae7f950ddec581000ada9
	at sun.reflect.NativeConstructorAccessorImpl.newInstance0(Native Method)
	at sun.reflect.NativeConstructorAccessorImpl.newInstance(NativeConstructorAccessorImpl.java:62)
	at sun.reflect.DelegatingConstructorAccessorImpl.newInstance(DelegatingConstructorAccessorImpl.java:45)
	at java.lang.reflect.Constructor.newInstance(Constructor.java:423)
	at org.openqa.selenium.remote.http.W3CHttpResponseCodec.createException(W3CHttpResponseCodec.java:187)
	at org.openqa.selenium.remote.http.W3CHttpResponseCodec.decode(W3CHttpResponseCodec.java:122)
	at org.openqa.selenium.remote.http.W3CHttpResponseCodec.decode(W3CHttpResponseCodec.java:49)
	at org.openqa.selenium.remote.HttpCommandExecutor.execute(HttpCommandExecutor.java:158)
	at org.openqa.selenium.remote.service.DriverCommandExecutor.execute(DriverCommandExecutor.java:83)
	at org.openqa.selenium.remote.RemoteWebDriver.execute(RemoteWebDriver.java:552)
	at org.openqa.selenium.remote.RemoteWebElement.execute(RemoteWebElement.java:285)
	at org.openqa.selenium.remote.RemoteWebElement.click(RemoteWebElement.java:84)
	at pageObjects.SignSubmitPO.Click_SBA(SignSubmitPO.java:119)
	at MAINEtest.test_SignSubmitScreen.validateSignSubmit(test_SignSubmitScreen.java:76)
	at sun.reflect.NativeMethodAccessorImpl.invoke0(Native Method)
	at sun.reflect.NativeMethodAccessorImpl.invoke(NativeMethodAccessorImpl.java:62)
	at sun.reflect.DelegatingMethodAccessorImpl.invoke(DelegatingMethodAccessorImpl.java:43)
	at java.lang.reflect.Method.invoke(Method.java:498)
	at org.testng.internal.MethodInvocationHelper.invokeMethod(MethodInvocationHelper.java:132)
	at org.testng.internal.TestInvoker.invokeMethod(TestInvoker.java:599)
	at org.testng.internal.TestInvoker.invokeTestMethod(TestInvoker.java:174)
	at org.testng.internal.MethodRunner.runInSequence(MethodRunner.java:46)
	at org.testng.internal.TestInvoker$MethodInvocationAgent.invoke(TestInvoker.java:822)
	at org.testng.internal.TestInvoker.invokeTestMethods(TestInvoker.java:147)
	at org.testng.internal.TestMethodWorker.invokeTestMethods(TestMethodWorker.java:146)
	at org.testng.internal.TestMethodWorker.run(TestMethodWorker.java:128)
	at java.util.ArrayList.forEach(ArrayList.java:1259)
	at org.testng.TestRunner.privateRun(TestRunner.java:764)
	at org.testng.TestRunner.run(TestRunner.java:585)
	at org.testng.SuiteRunner.runTest(SuiteRunner.java:384)
	at org.testng.SuiteRunner.runSequentially(SuiteRunner.java:378)
	at org.testng.SuiteRunner.privateRun(SuiteRunner.java:337)
	at org.testng.SuiteRunner.run(SuiteRunner.java:286)
	at org.testng.SuiteRunnerWorker.runSuite(SuiteRunnerWorker.java:53)
	at org.testng.SuiteRunnerWorker.run(SuiteRunnerWorker.java:96)
	at org.testng.TestNG.runSuitesSequentially(TestNG.java:1218)
	at org.testng.TestNG.runSuitesLocally(TestNG.java:1140)
	at org.testng.TestNG.runSuites(TestNG.java:1069)
	at org.testng.TestNG.run(TestNG.java:1037)
	at org.testng.remote.AbstractRemoteTestNG.run(AbstractRemoteTestNG.java:115)
	at org.testng.remote.RemoteTestNG.initAndRun(RemoteTestNG.java:251)
	at org.testng.remote.RemoteTestNG.main(RemoteTestNG.java:77)
</pre></div></td>
<td>30</td>
<td>MAINEtest.test_SignSubmitScreen@35aea049</td></tr>
</table><p>
<table width='100%' border='1' class='invocation-passed'>
<tr><td colspan='4' align='center'><b>PASSED TESTS</b></td></tr>
<tr><td><b>Test method</b></td>
<td width="30%"><b>Exception</b></td>
<td width="10%"><b>Time (seconds)</b></td>
<td><b>Instance</b></td>
</tr>
<tr>
<td title='MAINEtest.test_MemDetailsScreen.addDependentDetails()'><b>addDependentDetails</b><br>Test class: MAINEtest.test_MemDetailsScreen</td>
<td></td>
<td>80</td>
<td>MAINEtest.test_MemDetailsScreen@169e6180</td></tr>
<tr>
<td title='MAINEtest.test_AddingHHMembers.clickNextOnHMS()'><b>clickNextOnHMS</b><br>Test class: MAINEtest.test_AddingHHMembers</td>
<td></td>
<td>11</td>
<td>MAINEtest.test_AddingHHMembers@28f2a10f</td></tr>
<tr>
<td title='MAINEtest.test_AddingHHMembers.clickStartHM()'><b>clickStartHM</b><br>Test class: MAINEtest.test_AddingHHMembers</td>
<td></td>
<td>16</td>
<td>MAINEtest.test_AddingHHMembers@28f2a10f</td></tr>
<tr>
<td title='MAINEtest.test_RelationshipandTaxfillingScreens.relationandTaxfilingentries()'><b>relationandTaxfilingentries</b><br>Test class: MAINEtest.test_RelationshipandTaxfillingScreens</td>
<td></td>
<td>64</td>
<td>MAINEtest.test_RelationshipandTaxfillingScreens@7fee8714</td></tr>
<tr>
<td title='MAINEtest.test_ProgSelectionScreen.snapProgramSelection()'><b>snapProgramSelection</b><br>Test class: MAINEtest.test_ProgSelectionScreen</td>
<td></td>
<td>9</td>
<td>MAINEtest.test_ProgSelectionScreen@47faa49c</td></tr>
<tr>
<td title='MAINEtest.test_MemDetailsScreen.validateAIANforSNAP()'><b>validateAIANforSNAP</b><br>Test class: MAINEtest.test_MemDetailsScreen</td>
<td></td>
<td>11</td>
<td>MAINEtest.test_MemDetailsScreen@169e6180</td></tr>
<tr>
<td title='MAINEtest.test_AddingHHMembers.validateAddingHHmembers()'><b>validateAddingHHmembers</b><br>Test class: MAINEtest.test_AddingHHMembers<br>Parameters: TC1</td>
<td></td>
<td>82</td>
<td>MAINEtest.test_AddingHHMembers@28f2a10f</td></tr>
<tr>
<td title='MAINEtest.test_AddingHHMembers.validateAddingHHmembers()'><b>validateAddingHHmembers</b><br>Test class: MAINEtest.test_AddingHHMembers<br>Parameters: TC2</td>
<td></td>
<td>83</td>
<td>MAINEtest.test_AddingHHMembers@28f2a10f</td></tr>
<tr>
<td title='MAINEtest.test_AddingHHMembers.validateAddingHHmembers()'><b>validateAddingHHmembers</b><br>Test class: MAINEtest.test_AddingHHMembers<br>Parameters: TC3</td>
<td></td>
<td>82</td>
<td>MAINEtest.test_AddingHHMembers@28f2a10f</td></tr>
<tr>
<td title='MAINEtest.test_MemDetailsScreen.validateAssetIncomeExpensesforSNAP()'><b>validateAssetIncomeExpensesforSNAP</b><br>Test class: MAINEtest.test_MemDetailsScreen</td>
<td></td>
<td>79</td>
<td>MAINEtest.test_MemDetailsScreen@169e6180</td></tr>
<tr>
<td title='MAINEtest.test_AuthRepScreen.validateAuthRepcreation()'><b>validateAuthRepcreation</b><br>Test class: MAINEtest.test_AuthRepScreen</td>
<td></td>
<td>15</td>
<td>MAINEtest.test_AuthRepScreen@6da21078</td></tr>
<tr>
<td title='MAINEtest.test_ContactScreen.validateContactSelection()'><b>validateContactSelection</b><br>Test class: MAINEtest.test_ContactScreen</td>
<td></td>
<td>45</td>
<td>MAINEtest.test_ContactScreen@f736069</td></tr>
<tr>
<td title='MAINEtest.test_MemDetailsScreen.validateEducation()'><b>validateEducation</b><br>Test class: MAINEtest.test_MemDetailsScreen</td>
<td></td>
<td>50</td>
<td>MAINEtest.test_MemDetailsScreen@169e6180</td></tr>
<tr>
<td title='MAINEtest.test_GetBenefitScreen.validateGetBenefit()'><b>validateGetBenefit</b><br>Test class: MAINEtest.test_GetBenefitScreen</td>
<td></td>
<td>13</td>
<td>MAINEtest.test_GetBenefitScreen@3232a28a</td></tr>
<tr>
<td title='MAINEtest.test_HHInfo_ExpenseScreen.validateHHinfoExpense()'><b>validateHHinfoExpense</b><br>Test class: MAINEtest.test_HHInfo_ExpenseScreen</td>
<td></td>
<td>40</td>
<td>MAINEtest.test_HHInfo_ExpenseScreen@2fb3536e</td></tr>
<tr>
<td title='MAINEtest.test_HHInfo_AssetScreen.validateHHinfoHHAssetSelection()'><b>validateHHinfoHHAssetSelection</b><br>Test class: MAINEtest.test_HHInfo_AssetScreen</td>
<td></td>
<td>12</td>
<td>MAINEtest.test_HHInfo_AssetScreen@2b91004a</td></tr>
<tr>
<td title='MAINEtest.test_HHInfo_HHCircumScreen.validateHHinfoHHCircumSelection()'><b>validateHHinfoHHCircumSelection</b><br>Test class: MAINEtest.test_HHInfo_HHCircumScreen</td>
<td></td>
<td>29</td>
<td>MAINEtest.test_HHInfo_HHCircumScreen@56cdfb3b</td></tr>
<tr>
<td title='MAINEtest.test_HHInfo_HealthScreen.validateHHinfoHealthSelection()'><b>validateHHinfoHealthSelection</b><br>Test class: MAINEtest.test_HHInfo_HealthScreen</td>
<td></td>
<td>51</td>
<td>MAINEtest.test_HHInfo_HealthScreen@4229bb3f</td></tr>
<tr>
<td title='MAINEtest.test_HHInfo_IncomeandSubScreen.validateHHinfoIncomeandSubsidies()'><b>validateHHinfoIncomeandSubsidies</b><br>Test class: MAINEtest.test_HHInfo_IncomeandSubScreen</td>
<td></td>
<td>19</td>
<td>MAINEtest.test_HHInfo_IncomeandSubScreen@20ccf40b</td></tr>
<tr>
<td title='MAINEtest.test_MemDetailsScreen.validateLA()'><b>validateLA</b><br>Test class: MAINEtest.test_MemDetailsScreen</td>
<td></td>
<td>18</td>
<td>MAINEtest.test_MemDetailsScreen@169e6180</td></tr>
<tr>
<td title='MAINEtest.test_LoginScreen.validateLoginPage()'><b>validateLoginPage</b><br>Test class: MAINEtest.test_LoginScreen</td>
<td></td>
<td>34</td>
<td>MAINEtest.test_LoginScreen@4d0f2471</td></tr>
<tr>
<td title='MAINEtest.test_PrimaryAppDetailScreen.validatePriAppDetail()'><b>validatePriAppDetail</b><br>Test class: MAINEtest.test_PrimaryAppDetailScreen</td>
<td></td>
<td>11</td>
<td>MAINEtest.test_PrimaryAppDetailScreen@73e22a3d</td></tr>
<tr>
<td title='MAINEtest.test_Dashboard.validateWelcomeScreen()'><b>validateWelcomeScreen</b><br>Test class: MAINEtest.test_Dashboard</td>
<td></td>
<td>10</td>
<td>MAINEtest.test_Dashboard@7133da86</td></tr>
</table><p>
</body>
</html>