<html>
<head>
<title>TestNG:  TANF Suite</title>
<link href="../testng.css" rel="stylesheet" type="text/css" />
<link href="../my-testng.css" rel="stylesheet" type="text/css" />

<style type="text/css">
.log { display: none;} 
.stack-trace { display: none;} 
</style>
<script type="text/javascript">
<!--
function flip(e) {
  current = e.style.display;
  if (current == 'block') {
    e.style.display = 'none';
    return 0;
  }
  else {
    e.style.display = 'block';
    return 1;
  }
}

function toggleBox(szDivId, elem, msg1, msg2)
{
  var res = -1;  if (document.getElementById) {
    res = flip(document.getElementById(szDivId));
  }
  else if (document.all) {
    // this is the way old msie versions work
    res = flip(document.all[szDivId]);
  }
  if(elem) {
    if(res == 0) elem.innerHTML = msg1; else elem.innerHTML = msg2;
  }

}

function toggleAllBoxes() {
  if (document.getElementsByTagName) {
    d = document.getElementsByTagName('div');
    for (i = 0; i < d.length; i++) {
      if (d[i].className == 'log') {
        flip(d[i]);
      }
    }
  }
}

// -->
</script>

</head>
<body>
<h2 align='center'>TANF Suite</h2><table border='1' align="center">
<tr>
<td>Tests passed/Failed/Skipped:</td><td>19/1/0</td>
</tr><tr>
<td>Started on:</td><td>Mon Sep 20 18:26:17 IST 2021</td>
</tr>
<tr><td>Total time:</td><td>948 seconds (948417 ms)</td>
</tr><tr>
<td>Included groups:</td><td>TANF </td>
</tr><tr>
<td>Excluded groups:</td><td></td>
</tr>
</table><p/>
<small><i>(Hover the method name to see the test class name)</i></small><p/>
<table width='100%' border='1' class='invocation-failed'>
<tr><td colspan='4' align='center'><b>FAILED TESTS</b></td></tr>
<tr><td><b>Test method</b></td>
<td width="30%"><b>Exception</b></td>
<td width="10%"><b>Time (seconds)</b></td>
<td><b>Instance</b></td>
</tr>
<tr>
<td title='MAINEtest.test_SignSubmitScreen.validateSignSubmitPage()'><b>validateSignSubmitPage</b><br>Test class: MAINEtest.test_SignSubmitScreen</td>
<td><div><pre>java.lang.AssertionError: expected [Eligibility Results] but found [Sign and Submit]
	at MAINEtest.test_SignSubmitScreen.validateSignSubmitPage(test_SignSubmitScreen.java:127)
	at java.util.ArrayList.forEach(ArrayList.java:1259)
... Removed 33 stack frames</pre></div><a href='#' onClick='toggleBox("stack-trace1981752140", this, "Click to show all stack frames", "Click to hide stack frames")'>Click to show all stack frames</a>
<div class='stack-trace' id='stack-trace1981752140'><pre>java.lang.AssertionError: expected [Eligibility Results] but found [Sign and Submit]
	at org.testng.Assert.fail(Assert.java:99)
	at org.testng.Assert.failNotEquals(Assert.java:1037)
	at org.testng.Assert.assertEqualsImpl(Assert.java:140)
	at org.testng.Assert.assertEquals(Assert.java:122)
	at org.testng.Assert.assertEquals(Assert.java:629)
	at org.testng.Assert.assertEquals(Assert.java:639)
	at MAINEtest.test_SignSubmitScreen.validateSignSubmitPage(test_SignSubmitScreen.java:127)
	at sun.reflect.NativeMethodAccessorImpl.invoke0(Native Method)
	at sun.reflect.NativeMethodAccessorImpl.invoke(NativeMethodAccessorImpl.java:62)
	at sun.reflect.DelegatingMethodAccessorImpl.invoke(DelegatingMethodAccessorImpl.java:43)
	at java.lang.reflect.Method.invoke(Method.java:498)
	at org.testng.internal.MethodInvocationHelper.invokeMethod(MethodInvocationHelper.java:132)
	at org.testng.internal.TestInvoker.invokeMethod(TestInvoker.java:599)
	at org.testng.internal.TestInvoker.invokeTestMethod(TestInvoker.java:174)
	at org.testng.internal.MethodRunner.runInSequence(MethodRunner.java:46)
	at org.testng.internal.TestInvoker$MethodInvocationAgent.invoke(TestInvoker.java:822)
	at org.testng.internal.TestInvoker.invokeTestMethods(TestInvoker.java:147)
	at org.testng.internal.TestMethodWorker.invokeTestMethods(TestMethodWorker.java:146)
	at org.testng.internal.TestMethodWorker.run(TestMethodWorker.java:128)
	at java.util.ArrayList.forEach(ArrayList.java:1259)
	at org.testng.TestRunner.privateRun(TestRunner.java:764)
	at org.testng.TestRunner.run(TestRunner.java:585)
	at org.testng.SuiteRunner.runTest(SuiteRunner.java:384)
	at org.testng.SuiteRunner.runSequentially(SuiteRunner.java:378)
	at org.testng.SuiteRunner.privateRun(SuiteRunner.java:337)
	at org.testng.SuiteRunner.run(SuiteRunner.java:286)
	at org.testng.SuiteRunnerWorker.runSuite(SuiteRunnerWorker.java:53)
	at org.testng.SuiteRunnerWorker.run(SuiteRunnerWorker.java:96)
	at org.testng.TestNG.runSuitesSequentially(TestNG.java:1218)
	at org.testng.TestNG.runSuitesLocally(TestNG.java:1140)
	at org.testng.TestNG.runSuites(TestNG.java:1069)
	at org.testng.TestNG.run(TestNG.java:1037)
	at org.testng.remote.AbstractRemoteTestNG.run(AbstractRemoteTestNG.java:115)
	at org.testng.remote.RemoteTestNG.initAndRun(RemoteTestNG.java:251)
	at org.testng.remote.RemoteTestNG.main(RemoteTestNG.java:77)
</pre></div></td>
<td>30</td>
<td>MAINEtest.test_SignSubmitScreen@35aea049</td></tr>
</table><p>
<table width='100%' border='1' class='invocation-passed'>
<tr><td colspan='4' align='center'><b>PASSED TESTS</b></td></tr>
<tr><td><b>Test method</b></td>
<td width="30%"><b>Exception</b></td>
<td width="10%"><b>Time (seconds)</b></td>
<td><b>Instance</b></td>
</tr>
<tr>
<td title='MAINEtest.test_AddingHHMembers.clickNextOnHMS()'><b>clickNextOnHMS</b><br>Test class: MAINEtest.test_AddingHHMembers</td>
<td></td>
<td>11</td>
<td>MAINEtest.test_AddingHHMembers@28f2a10f</td></tr>
<tr>
<td title='MAINEtest.test_AddingHHMembers.clickStartHM()'><b>clickStartHM</b><br>Test class: MAINEtest.test_AddingHHMembers</td>
<td></td>
<td>16</td>
<td>MAINEtest.test_AddingHHMembers@28f2a10f</td></tr>
<tr>
<td title='MAINEtest.test_ProgSelectionScreen.tanfProgramSelection()'><b>tanfProgramSelection</b><br>Test class: MAINEtest.test_ProgSelectionScreen</td>
<td></td>
<td>15</td>
<td>MAINEtest.test_ProgSelectionScreen@47faa49c</td></tr>
<tr>
<td title='MAINEtest.test_AddingHHMembers.validateAddingHHmembers()'><b>validateAddingHHmembers</b><br>Test class: MAINEtest.test_AddingHHMembers<br>Parameters: TC1</td>
<td></td>
<td>71</td>
<td>MAINEtest.test_AddingHHMembers@28f2a10f</td></tr>
<tr>
<td title='MAINEtest.test_AddingHHMembers.validateAddingHHmembers()'><b>validateAddingHHmembers</b><br>Test class: MAINEtest.test_AddingHHMembers<br>Parameters: TC2</td>
<td></td>
<td>72</td>
<td>MAINEtest.test_AddingHHMembers@28f2a10f</td></tr>
<tr>
<td title='MAINEtest.test_AddingHHMembers.validateAddingHHmembers()'><b>validateAddingHHmembers</b><br>Test class: MAINEtest.test_AddingHHMembers<br>Parameters: TC3</td>
<td></td>
<td>71</td>
<td>MAINEtest.test_AddingHHMembers@28f2a10f</td></tr>
<tr>
<td title='MAINEtest.test_AuthRepScreen.validateAuthRepcreation()'><b>validateAuthRepcreation</b><br>Test class: MAINEtest.test_AuthRepScreen</td>
<td></td>
<td>15</td>
<td>MAINEtest.test_AuthRepScreen@6da21078</td></tr>
<tr>
<td title='MAINEtest.test_ContactScreen.validateContactSelection()'><b>validateContactSelection</b><br>Test class: MAINEtest.test_ContactScreen</td>
<td></td>
<td>46</td>
<td>MAINEtest.test_ContactScreen@f736069</td></tr>
<tr>
<td title='MAINEtest.test_GetBenefitScreen.validateGetBenefit()'><b>validateGetBenefit</b><br>Test class: MAINEtest.test_GetBenefitScreen</td>
<td></td>
<td>14</td>
<td>MAINEtest.test_GetBenefitScreen@3232a28a</td></tr>
<tr>
<td title='MAINEtest.test_HHInfo_ExpenseScreen.validateHHinfoExpenseTanf()'><b>validateHHinfoExpenseTanf</b><br>Test class: MAINEtest.test_HHInfo_ExpenseScreen</td>
<td></td>
<td>11</td>
<td>MAINEtest.test_HHInfo_ExpenseScreen@2fb3536e</td></tr>
<tr>
<td title='MAINEtest.test_MemDetailsScreen.validateHHinfoExpenseTanf()'><b>validateHHinfoExpenseTanf</b><br>Test class: MAINEtest.test_MemDetailsScreen</td>
<td></td>
<td>255</td>
<td>MAINEtest.test_MemDetailsScreen@169e6180</td></tr>
<tr>
<td title='MAINEtest.test_HHInfo_AssetScreen.validateHHinfoHHAssetSelection()'><b>validateHHinfoHHAssetSelection</b><br>Test class: MAINEtest.test_HHInfo_AssetScreen</td>
<td></td>
<td>12</td>
<td>MAINEtest.test_HHInfo_AssetScreen@2b91004a</td></tr>
<tr>
<td title='MAINEtest.test_HHInfo_HHCircumScreen.validateHHinfoHHCircumSelectionTanf()'><b>validateHHinfoHHCircumSelectionTanf</b><br>Test class: MAINEtest.test_HHInfo_HHCircumScreen</td>
<td></td>
<td>16</td>
<td>MAINEtest.test_HHInfo_HHCircumScreen@56cdfb3b</td></tr>
<tr>
<td title='MAINEtest.test_HHInfo_HealthScreen.validateHHinfoHealthSelection()'><b>validateHHinfoHealthSelection</b><br>Test class: MAINEtest.test_HHInfo_HealthScreen</td>
<td></td>
<td>52</td>
<td>MAINEtest.test_HHInfo_HealthScreen@4229bb3f</td></tr>
<tr>
<td title='MAINEtest.test_HHInfo_IncomeandSubScreen.validateHHinfoIncomeandSubsidies()'><b>validateHHinfoIncomeandSubsidies</b><br>Test class: MAINEtest.test_HHInfo_IncomeandSubScreen</td>
<td></td>
<td>31</td>
<td>MAINEtest.test_HHInfo_IncomeandSubScreen@20ccf40b</td></tr>
<tr>
<td title='MAINEtest.test_LoginScreen.validateLoginPage()'><b>validateLoginPage</b><br>Test class: MAINEtest.test_LoginScreen</td>
<td></td>
<td>35</td>
<td>MAINEtest.test_LoginScreen@4d0f2471</td></tr>
<tr>
<td title='MAINEtest.test_PrimaryAppDetailScreen.validatePriAppDetail()'><b>validatePriAppDetail</b><br>Test class: MAINEtest.test_PrimaryAppDetailScreen</td>
<td></td>
<td>11</td>
<td>MAINEtest.test_PrimaryAppDetailScreen@73e22a3d</td></tr>
<tr>
<td title='MAINEtest.test_RelationshipandTaxfillingScreens.validateRelationandTaxfilingentriesTanf()'><b>validateRelationandTaxfilingentriesTanf</b><br>Test class: MAINEtest.test_RelationshipandTaxfillingScreens</td>
<td></td>
<td>132</td>
<td>MAINEtest.test_RelationshipandTaxfillingScreens@7fee8714</td></tr>
<tr>
<td title='MAINEtest.test_Dashboard.validateWelcomeScreen()'><b>validateWelcomeScreen</b><br>Test class: MAINEtest.test_Dashboard</td>
<td></td>
<td>10</td>
<td>MAINEtest.test_Dashboard@7133da86</td></tr>
</table><p>
</body>
</html>