<?xml version="1.0" encoding="UTF-8"?>
<!-- Generated by org.testng.reporters.JUnitXMLReporter -->
<testsuite hostname="USBLRHERATHI1" ignored="16" name="TANF Suite" tests="20" failures="1" timestamp="2021-09-20T18:42:05 IST" time="948.417" errors="0">
  <testcase name="validateLoginPage" time="35.023" classname="MAINEtest.test_LoginScreen"/>
  <testcase name="validateWelcomeScreen" time="10.175" classname="MAINEtest.test_Dashboard"/>
  <testcase name="validateGetBenefit" time="14.069" classname="MAINEtest.test_GetBenefitScreen"/>
  <testcase name="validatePriAppDetail" time="11.985" classname="MAINEtest.test_PrimaryAppDetailScreen"/>
  <testcase name="tanfProgramSelection" time="15.444" classname="MAINEtest.test_ProgSelectionScreen"/>
  <testcase name="clickStartHM" time="16.282" classname="MAINEtest.test_AddingHHMembers"/>
  <testcase name="validateAddingHHmembers" time="71.351" classname="MAINEtest.test_AddingHHMembers"/>
  <testcase name="validateAddingHHmembers" time="72.666" classname="MAINEtest.test_AddingHHMembers"/>
  <testcase name="validateAddingHHmembers" time="71.256" classname="MAINEtest.test_AddingHHMembers"/>
  <testcase name="clickNextOnHMS" time="11.647" classname="MAINEtest.test_AddingHHMembers"/>
  <testcase name="validateContactSelection" time="46.195" classname="MAINEtest.test_ContactScreen"/>
  <testcase name="validateAuthRepcreation" time="15.555" classname="MAINEtest.test_AuthRepScreen"/>
  <testcase name="validateRelationandTaxfilingentriesTanf" time="132.625" classname="MAINEtest.test_RelationshipandTaxfillingScreens"/>
  <testcase name="validateHHinfoHealthSelection" time="52.149" classname="MAINEtest.test_HHInfo_HealthScreen"/>
  <testcase name="validateHHinfoHHCircumSelectionTanf" time="16.044" classname="MAINEtest.test_HHInfo_HHCircumScreen"/>
  <testcase name="validateHHinfoHHAssetSelection" time="12.73" classname="MAINEtest.test_HHInfo_AssetScreen"/>
  <testcase name="validateHHinfoIncomeandSubsidies" time="31.511" classname="MAINEtest.test_HHInfo_IncomeandSubScreen"/>
  <testcase name="validateHHinfoExpenseTanf" time="11.695" classname="MAINEtest.test_HHInfo_ExpenseScreen"/>
  <testcase name="validateHHinfoExpenseTanf" time="255.222" classname="MAINEtest.test_MemDetailsScreen"/>
  <testcase name="validateSignSubmitPage" time="30.001" classname="MAINEtest.test_SignSubmitScreen">
    <failure type="java.lang.AssertionError" message="expected [Eligibility Results] but found [Sign and Submit]">
      <![CDATA[java.lang.AssertionError: expected [Eligibility Results] but found [Sign and Submit]
at MAINEtest.test_SignSubmitScreen.validateSignSubmitPage(test_SignSubmitScreen.java:127)
at java.util.ArrayList.forEach(ArrayList.java:1259)
... Removed 33 stack frames]]>
    </failure>
  </testcase> <!-- validateSignSubmitPage -->
  <testcase name="snapProgramSelection" time="0.0" classname="MAINEtest.test_ProgSelectionScreen">
    <ignored/>
  </testcase> <!-- snapProgramSelection -->
  <testcase name="validateRelationandTaxfilingentries" time="0.0" classname="MAINEtest.test_RelationshipandTaxfillingScreens">
    <ignored/>
  </testcase> <!-- validateRelationandTaxfilingentries -->
  <testcase name="validateHHinfoExpense" time="0.0" classname="MAINEtest.test_HHInfo_ExpenseScreen">
    <ignored/>
  </testcase> <!-- validateHHinfoExpense -->
  <testcase name="validateHHinfoHHCircumSelection" time="0.0" classname="MAINEtest.test_HHInfo_HHCircumScreen">
    <ignored/>
  </testcase> <!-- validateHHinfoHHCircumSelection -->
  <testcase name="validateAssetIncomeExpenses" time="0.0" classname="MAINEtest.test_MemDetailsScreen">
    <ignored/>
  </testcase> <!-- validateAssetIncomeExpenses -->
  <testcase name="addDependentDetails" time="0.0" classname="MAINEtest.test_MemDetailsScreen">
    <ignored/>
  </testcase> <!-- addDependentDetails -->
  <testcase name="ClickStartonHI" time="0.0" classname="MAINEtest.test_HHInfo_HealthScreen">
    <ignored/>
  </testcase> <!-- ClickStartonHI -->
  <testcase name="validateAssetIncomeExpensesforSNAP" time="0.0" classname="MAINEtest.test_MemDetailsScreen">
    <ignored/>
  </testcase> <!-- validateAssetIncomeExpensesforSNAP -->
  <testcase name="relationandTaxfilingentries" time="0.0" classname="MAINEtest.test_RelationshipandTaxfillingScreens">
    <ignored/>
  </testcase> <!-- relationandTaxfilingentries -->
  <testcase name="validateProgSelec" time="0.0" classname="MAINEtest.test_ProgSelectionScreen">
    <ignored/>
  </testcase> <!-- validateProgSelec -->
  <testcase name="validateAIANforSNAP" time="0.0" classname="MAINEtest.test_MemDetailsScreen">
    <ignored/>
  </testcase> <!-- validateAIANforSNAP -->
  <testcase name="validateSignSubmit" time="0.0" classname="MAINEtest.test_SignSubmitScreen">
    <ignored/>
  </testcase> <!-- validateSignSubmit -->
  <testcase name="validateEducation" time="0.0" classname="MAINEtest.test_MemDetailsScreen">
    <ignored/>
  </testcase> <!-- validateEducation -->
  <testcase name="validateAIAN" time="0.0" classname="MAINEtest.test_MemDetailsScreen">
    <ignored/>
  </testcase> <!-- validateAIAN -->
  <testcase name="validateLA" time="0.0" classname="MAINEtest.test_MemDetailsScreen">
    <ignored/>
  </testcase> <!-- validateLA -->
  <testcase name="loginPage" time="0.0" classname="MAINEtest.test_LoginScreen">
    <ignored/>
  </testcase> <!-- loginPage -->
</testsuite> <!-- TANF Suite -->
